<?xml version="1.0" encoding="UTF-8"?>
<!-- Generated by org.testng.reporters.JUnitReportReporter -->
<testsuite skipped="0" hostname="USHYDGUARORA8" name="com.test.PlayTrackTests" tests="3" failures="0" timestamp="25 Jun 2018 06:25:06 GMT" time="18.020" errors="0">
  <testcase name="selectTrack" time="10.814" classname="com.test.PlayTrackTests"/>
  <testcase name="playTrack" time="4.609" classname="com.test.PlayTrackTests"/>
  <testcase name="pauseTrack" time="2.597" classname="com.test.PlayTrackTests"/>
</testsuite> <!-- com.test.PlayTrackTests -->
