<?xml version="1.0" encoding="UTF-8"?>
<!-- Generated by org.testng.reporters.JUnitReportReporter -->
<testsuite skipped="0" hostname="USHYDGUARORA8" name="com.webdriver.test.HomePageTests" tests="2" failures="0" timestamp="20 Jun 2018 01:37:24 GMT" time="2.761" errors="0">
  <testcase name="verifyHomePageTitle" time="0.084" classname="com.webdriver.test.HomePageTests"/>
  <testcase name="verifyFindMeetingTitle" time="2.677" classname="com.webdriver.test.HomePageTests"/>
</testsuite> <!-- com.webdriver.test.HomePageTests -->
