<?xml version="1.0" encoding="UTF-8"?>
<!-- Generated by org.testng.reporters.JUnitReportReporter -->
<testsuite skipped="0" hostname="USHYDGUARORA8" name="com.webdriver.test.FindMeetingTests" tests="3" failures="0" timestamp="20 Jun 2018 01:37:24 GMT" time="2.303" errors="0">
  <testcase name="searchAMeeting" time="0.460" classname="com.webdriver.test.FindMeetingTests"/>
  <testcase name="selectAMeeting" time="1.193" classname="com.webdriver.test.FindMeetingTests"/>
  <testcase name="printMeetingHours" time="0.650" classname="com.webdriver.test.FindMeetingTests"/>
</testsuite> <!-- com.webdriver.test.FindMeetingTests -->
