<?xml version="1.0" encoding="UTF-8"?>
<!-- Generated by org.testng.reporters.JUnitReportReporter -->
<testsuite skipped="0" hostname="USHYDGUARORA8" name="com.test.LoginTests" tests="2" failures="0" timestamp="25 Jun 2018 22:22:35 GMT" time="60.212" errors="0">
  <testcase name="login_invalidCredentials" time="29.693" classname="com.test.LoginTests"/>
  <testcase name="login_validCredentials" time="30.519" classname="com.test.LoginTests"/>
</testsuite> <!-- com.test.LoginTests -->
