<?xml version="1.0" encoding="UTF-8"?>
<!-- Generated by org.testng.reporters.JUnitReportReporter -->
<testsuite skipped="0" hostname="USHYDGUARORA8" name="com.test.RecentlyPlayedTrackTests" tests="1" failures="0" timestamp="25 Jun 2018 22:22:35 GMT" time="5.125" errors="0">
  <testcase name="openRecentTracks" time="5.125" classname="com.test.RecentlyPlayedTrackTests"/>
</testsuite> <!-- com.test.RecentlyPlayedTrackTests -->
