<?xml version="1.0" encoding="UTF-8"?>
<!-- Generated by org.testng.reporters.JUnitReportReporter -->
<testsuite skipped="0" hostname="USHYDGUARORA8" name="com.test.PlayTrackTests" tests="3" failures="0" timestamp="25 Jun 2018 22:22:35 GMT" time="18.665" errors="0">
  <testcase name="selectTrack" time="11.506" classname="com.test.PlayTrackTests"/>
  <testcase name="playTrack" time="4.610" classname="com.test.PlayTrackTests"/>
  <testcase name="pauseTrack" time="2.549" classname="com.test.PlayTrackTests"/>
</testsuite> <!-- com.test.PlayTrackTests -->
